# JRE version: OpenJDK Runtime Environment (11.0.10) (build 11.0.10+0-b96-7249189)
# Java VM: OpenJDK 64-Bit Server VM (11.0.10+0-b96-7249189, mixed mode, tiered, compressed oops, g1 gc, windows-amd64)
Heap:
 garbage-first heap   total 262144K, used 137680K [0x0000000080000000, 0x0000000100000000)
  region size 1024K, 67 young (68608K), 12 survivors (12288K)
 Metaspace       used 83913K, capacity 86129K, committed 86220K, reserved 1124352K
  class space    used 10826K, capacity 11658K, committed 11724K, reserved 1048576K
GC Heap History (16 events):
Event: 0.657 GC heap before
{Heap before GC invocations=0 (full 0):
 garbage-first heap   total 262144K, used 29696K [0x0000000080000000, 0x0000000100000000)
  region size 1024K, 24 young (24576K), 0 survivors (0K)
 Metaspace       used 10173K, capacity 10437K, committed 10624K, reserved 1058816K
  class space    used 1064K, capacity 1139K, committed 1152K, reserved 1048576K
}
Event: 0.660 GC heap after
{Heap after GC invocations=1 (full 0):
 garbage-first heap   total 262144K, used 9496K [0x0000000080000000, 0x0000000100000000)
  region size 1024K, 3 young (3072K), 3 survivors (3072K)
 Metaspace       used 10173K, capacity 10437K, committed 10624K, reserved 1058816K
  class space    used 1064K, capacity 1139K, committed 1152K, reserved 1048576K
}
Event: 5.280 GC heap before
{Heap before GC invocations=1 (full 0):
 garbage-first heap   total 262144K, used 105752K [0x0000000080000000, 0x0000000100000000)
  region size 1024K, 98 young (100352K), 3 survivors (3072K)
 Metaspace       used 20585K, capacity 21104K, committed 21248K, reserved 1067008K
  class space    used 2507K, capacity 2690K, committed 2816K, reserved 1048576K
}
Event: 5.286 GC heap after
{Heap after GC invocations=2 (full 0):
 garbage-first heap   total 262144K, used 17093K [0x0000000080000000, 0x0000000100000000)
  region size 1024K, 11 young (11264K), 11 survivors (11264K)
 Metaspace       used 20585K, capacity 21104K, committed 21248K, reserved 1067008K
  class space    used 2507K, capacity 2690K, committed 2816K, reserved 1048576K
}
Event: 5.478 GC heap before
{Heap before GC invocations=3 (full 0):
 garbage-first heap   total 262144K, used 39621K [0x0000000080000000, 0x0000000100000000)
  region size 1024K, 33 young (33792K), 11 survivors (11264K)
 Metaspace       used 22477K, capacity 23074K, committed 23424K, reserved 1069056K
  class space    used 2861K, capacity 3074K, committed 3200K, reserved 1048576K
}
Event: 5.482 GC heap after
{Heap after GC invocations=4 (full 0):
 garbage-first heap   total 262144K, used 17563K [0x0000000080000000, 0x0000000100000000)
  region size 1024K, 2 young (2048K), 2 survivors (2048K)
 Metaspace       used 22477K, capacity 23074K, committed 23424K, reserved 1069056K
  class space    used 2861K, capacity 3074K, committed 3200K, reserved 1048576K
}
Event: 6.657 GC heap before
{Heap before GC invocations=4 (full 0):
 garbage-first heap   total 262144K, used 105627K [0x0000000080000000, 0x0000000100000000)
  region size 1024K, 90 young (92160K), 2 survivors (2048K)
 Metaspace       used 35048K, capacity 35838K, committed 35840K, reserved 1081344K
  class space    used 4538K, capacity 4864K, committed 4864K, reserved 1048576K
}
Event: 6.664 GC heap after
{Heap after GC invocations=5 (full 0):
 garbage-first heap   total 262144K, used 21964K [0x0000000080000000, 0x0000000100000000)
  region size 1024K, 6 young (6144K), 6 survivors (6144K)
 Metaspace       used 35048K, capacity 35838K, committed 35840K, reserved 1081344K
  class space    used 4538K, capacity 4864K, committed 4864K, reserved 1048576K
}
Event: 7.857 GC heap before
{Heap before GC invocations=6 (full 0):
 garbage-first heap   total 262144K, used 146892K [0x0000000080000000, 0x0000000100000000)
  region size 1024K, 125 young (128000K), 6 survivors (6144K)
 Metaspace       used 44786K, capacity 45914K, committed 46156K, reserved 1089536K
  class space    used 5752K, capacity 6146K, committed 6220K, reserved 1048576K
}
Event: 7.864 GC heap after
{Heap after GC invocations=7 (full 0):
 garbage-first heap   total 262144K, used 29215K [0x0000000080000000, 0x0000000100000000)
  region size 1024K, 13 young (13312K), 13 survivors (13312K)
 Metaspace       used 44786K, capacity 45914K, committed 46156K, reserved 1089536K
  class space    used 5752K, capacity 6146K, committed 6220K, reserved 1048576K
}
Event: 9.878 GC heap before
{Heap before GC invocations=7 (full 0):
 garbage-first heap   total 262144K, used 164383K [0x0000000080000000, 0x0000000100000000)
  region size 1024K, 143 young (146432K), 13 survivors (13312K)
 Metaspace       used 58649K, capacity 60121K, committed 60236K, reserved 1101824K
  class space    used 7402K, capacity 7938K, committed 8012K, reserved 1048576K
}
Event: 9.900 GC heap after
{Heap after GC invocations=8 (full 0):
 garbage-first heap   total 262144K, used 44005K [0x0000000080000000, 0x0000000100000000)
  region size 1024K, 18 young (18432K), 18 survivors (18432K)
 Metaspace       used 58649K, capacity 60121K, committed 60236K, reserved 1101824K
  class space    used 7402K, capacity 7938K, committed 8012K, reserved 1048576K
}
Event: 11.456 GC heap before
{Heap before GC invocations=9 (full 0):
 garbage-first heap   total 262144K, used 182245K [0x0000000080000000, 0x0000000100000000)
  region size 1024K, 153 young (156672K), 18 survivors (18432K)
 Metaspace       used 70965K, capacity 72699K, committed 72780K, reserved 1112064K
  class space    used 9148K, capacity 9778K, committed 9804K, reserved 1048576K
}
Event: 11.470 GC heap after
{Heap after GC invocations=10 (full 0):
 garbage-first heap   total 262144K, used 55345K [0x0000000080000000, 0x0000000100000000)
  region size 1024K, 12 young (12288K), 12 survivors (12288K)
 Metaspace       used 70965K, capacity 72699K, committed 72780K, reserved 1112064K
  class space    used 9148K, capacity 9778K, committed 9804K, reserved 1048576K
}
Event: 13.811 GC heap before
{Heap before GC invocations=10 (full 0):
 garbage-first heap   total 262144K, used 193585K [0x0000000080000000, 0x0000000100000000)
  region size 1024K, 148 young (151552K), 12 survivors (12288K)
 Metaspace       used 81584K, capacity 83721K, committed 83916K, reserved 1122304K
  class space    used 10560K, capacity 11354K, committed 11468K, reserved 1048576K
}
Event: 13.823 GC heap after
{Heap after GC invocations=11 (full 0):
 garbage-first heap   total 262144K, used 66000K [0x0000000080000000, 0x0000000100000000)
  region size 1024K, 12 young (12288K), 12 survivors (12288K)
 Metaspace       used 81584K, capacity 83721K, committed 83916K, reserved 1122304K
  class space    used 10560K, capacity 11354K, committed 11468K, reserved 1048576K
}

